This is pdfTeX, Version 3.141592653-2.6-1.40.26 (TeX Live 2024) (preloaded format=pdflatex 2024.3.14)  12 MAY 2024 21:29
entering extended mode
 restricted \write18 enabled.
 file:line:error style messages enabled.
 %&-line parsing enabled.
**d:/DND/Trame_DND/FileLatex/Gruppo_A.tex
(d:/DND/Trame_DND/FileLatex/Gruppo_A.tex
LaTeX2e <2023-11-01> patch level 1
L3 programming layer <2024-02-20>
(d:/texlive/2024/texmf-dist/tex/latex/base/article.cls
Document Class: article 2023/05/17 v1.4n Standard LaTeX document class
(d:/texlive/2024/texmf-dist/tex/latex/base/size10.clo
File: size10.clo 2023/05/17 v1.4n Standard LaTeX file (size option)
)
\c@part=\count188
\c@section=\count189
\c@subsection=\count190
\c@subsubsection=\count191
\c@paragraph=\count192
\c@subparagraph=\count193
\c@figure=\count194
\c@table=\count195
\abovecaptionskip=\skip48
\belowcaptionskip=\skip49
\bibindent=\dimen140
) (d:/texlive/2024/texmf-dist/tex/latex/graphics/graphicx.sty
Package: graphicx 2021/09/16 v1.2d Enhanced LaTeX Graphics (DPC,SPQR)
 (d:/texlive/2024/texmf-dist/tex/latex/graphics/keyval.sty
Package: keyval 2022/05/29 v1.15 key=value parser (DPC)
\KV@toks@=\toks17
) (d:/texlive/2024/texmf-dist/tex/latex/graphics/graphics.sty
Package: graphics 2022/03/10 v1.4e Standard LaTeX Graphics (DPC,SPQR)
 (d:/texlive/2024/texmf-dist/tex/latex/graphics/trig.sty
Package: trig 2021/08/11 v1.11 sin cos tan (DPC)
) (d:/texlive/2024/texmf-dist/tex/latex/graphics-cfg/graphics.cfg
File: graphics.cfg 2016/06/04 v1.11 sample graphics configuration
)
Package graphics Info: Driver file: pdftex.def on input line 107.
 (d:/texlive/2024/texmf-dist/tex/latex/graphics-def/pdftex.def
File: pdftex.def 2022/09/22 v1.2b Graphics/color driver for pdftex
))
\Gin@req@height=\dimen141
\Gin@req@width=\dimen142
) (d:/texlive/2024/texmf-dist/tex/latex/wrapfig/wrapfig.sty
\wrapoverhang=\dimen143
\WF@size=\dimen144
\c@WF@wrappedlines=\count196
\WF@box=\box51
\WF@everypar=\toks18
Package: wrapfig 2003/01/31  v 3.6
) (d:/texlive/2024/texmf-dist/tex/latex/float/float.sty
Package: float 2001/11/08 v1.3d Float enhancements (AL)
\c@float@type=\count197
\float@exts=\toks19
\float@box=\box52
\@float@everytoks=\toks20
\@floatcapt=\box53
) (d:/texlive/2024/texmf-dist/tex/latex/pdflscape/pdflscape.sty
Package: pdflscape 2022-10-27 v0.13 Display of landscape pages in PDF
 (d:/texlive/2024/texmf-dist/tex/latex/pdflscape/pdflscape-nometadata.sty
Package: pdflscape-nometadata 2022-10-28 v0.13 Display of landscape pages in PDF (HO)
 (d:/texlive/2024/texmf-dist/tex/generic/iftex/iftex.sty
Package: iftex 2022/02/03 v1.0f TeX engine tests
) (d:/texlive/2024/texmf-dist/tex/latex/graphics/lscape.sty
Package: lscape 2020/05/28 v3.02 Landscape Pages (DPC)
)
Package pdflscape Info: Auto-detected driver: pdftex on input line 81.
)) (d:/texlive/2024/texmf-dist/tex/latex/adjustbox/adjustbox.sty
Package: adjustbox 2022/10/17 v1.3a Adjusting TeX boxes (trim, clip, ...)
 (d:/texlive/2024/texmf-dist/tex/latex/xkeyval/xkeyval.sty
Package: xkeyval 2022/06/16 v2.9 package option processing (HA)
 (d:/texlive/2024/texmf-dist/tex/generic/xkeyval/xkeyval.tex (d:/texlive/2024/texmf-dist/tex/generic/xkeyval/xkvutils.tex
\XKV@toks=\toks21
\XKV@tempa@toks=\toks22
)
\XKV@depth=\count198
File: xkeyval.tex 2014/12/03 v2.7a key=value parser (HA)
)) (d:/texlive/2024/texmf-dist/tex/latex/adjustbox/adjcalc.sty
Package: adjcalc 2012/05/16 v1.1 Provides advanced setlength with multiple back-ends (calc, etex, pgfmath)
) (d:/texlive/2024/texmf-dist/tex/latex/adjustbox/trimclip.sty
Package: trimclip 2020/08/19 v1.2 Trim and clip general TeX material
 (d:/texlive/2024/texmf-dist/tex/latex/collectbox/collectbox.sty
Package: collectbox 2022/10/17 v0.4c Collect macro arguments as boxes
\collectedbox=\box54
)
\tc@llx=\dimen145
\tc@lly=\dimen146
\tc@urx=\dimen147
\tc@ury=\dimen148
Package trimclip Info: Using driver 'tc-pdftex.def'.
 (d:/texlive/2024/texmf-dist/tex/latex/adjustbox/tc-pdftex.def
File: tc-pdftex.def 2019/01/04 v2.2 Clipping driver for pdftex
))
\adjbox@Width=\dimen149
\adjbox@Height=\dimen150
\adjbox@Depth=\dimen151
\adjbox@Totalheight=\dimen152
\adjbox@pwidth=\dimen153
\adjbox@pheight=\dimen154
\adjbox@pdepth=\dimen155
\adjbox@ptotalheight=\dimen156
) (d:/texlive/2024/texmf-dist/tex/latex/geometry/geometry.sty
Package: geometry 2020/01/02 v5.9 Page Geometry
 (d:/texlive/2024/texmf-dist/tex/generic/iftex/ifvtex.sty
Package: ifvtex 2019/10/25 v1.7 ifvtex legacy package. Use iftex instead.
)
\Gm@cnth=\count199
\Gm@cntv=\count266
\c@Gm@tempcnt=\count267
\Gm@bindingoffset=\dimen157
\Gm@wd@mp=\dimen158
\Gm@odd@mp=\dimen159
\Gm@even@mp=\dimen160
\Gm@layoutwidth=\dimen161
\Gm@layoutheight=\dimen162
\Gm@layouthoffset=\dimen163
\Gm@layoutvoffset=\dimen164
\Gm@dimlist=\toks23
) (d:/texlive/2024/texmf-dist/tex/latex/hyperref/hyperref.sty
Package: hyperref 2024-01-20 v7.01h Hypertext links for LaTeX
 (d:/texlive/2024/texmf-dist/tex/latex/kvsetkeys/kvsetkeys.sty
Package: kvsetkeys 2022-10-05 v1.19 Key value parser (HO)
) (d:/texlive/2024/texmf-dist/tex/generic/kvdefinekeys/kvdefinekeys.sty
Package: kvdefinekeys 2019-12-19 v1.6 Define keys (HO)
) (d:/texlive/2024/texmf-dist/tex/generic/pdfescape/pdfescape.sty
Package: pdfescape 2019/12/09 v1.15 Implements pdfTeX's escape features (HO)
 (d:/texlive/2024/texmf-dist/tex/generic/ltxcmds/ltxcmds.sty
Package: ltxcmds 2023-12-04 v1.26 LaTeX kernel commands for general use (HO)
) (d:/texlive/2024/texmf-dist/tex/generic/pdftexcmds/pdftexcmds.sty
Package: pdftexcmds 2020-06-27 v0.33 Utility functions of pdfTeX for LuaTeX (HO)
 (d:/texlive/2024/texmf-dist/tex/generic/infwarerr/infwarerr.sty
Package: infwarerr 2019/12/03 v1.5 Providing info/warning/error messages (HO)
)
Package pdftexcmds Info: \pdf@primitive is available.
Package pdftexcmds Info: \pdf@ifprimitive is available.
Package pdftexcmds Info: \pdfdraftmode found.
)) (d:/texlive/2024/texmf-dist/tex/latex/hycolor/hycolor.sty
Package: hycolor 2020-01-27 v1.10 Color options for hyperref/bookmark (HO)
) (d:/texlive/2024/texmf-dist/tex/latex/auxhook/auxhook.sty
Package: auxhook 2019-12-17 v1.6 Hooks for auxiliary files (HO)
) (d:/texlive/2024/texmf-dist/tex/latex/hyperref/nameref.sty
Package: nameref 2023-11-26 v2.56 Cross-referencing by name of section
 (d:/texlive/2024/texmf-dist/tex/latex/refcount/refcount.sty
Package: refcount 2019/12/15 v3.6 Data extraction from label references (HO)
) (d:/texlive/2024/texmf-dist/tex/generic/gettitlestring/gettitlestring.sty
Package: gettitlestring 2019/12/15 v1.6 Cleanup title references (HO)
 (d:/texlive/2024/texmf-dist/tex/latex/kvoptions/kvoptions.sty
Package: kvoptions 2022-06-15 v3.15 Key value format for package options (HO)
))
\c@section@level=\count268
) (d:/texlive/2024/texmf-dist/tex/latex/etoolbox/etoolbox.sty
Package: etoolbox 2020/10/05 v2.5k e-TeX tools for LaTeX (JAW)
\etb@tempcnta=\count269
)
\@linkdim=\dimen165
\Hy@linkcounter=\count270
\Hy@pagecounter=\count271
 (d:/texlive/2024/texmf-dist/tex/latex/hyperref/pd1enc.def
File: pd1enc.def 2024-01-20 v7.01h Hyperref: PDFDocEncoding definition (HO)
Now handling font encoding PD1 ...
... no UTF-8 mapping file for font encoding PD1
) (d:/texlive/2024/texmf-dist/tex/generic/intcalc/intcalc.sty
Package: intcalc 2019/12/15 v1.3 Expandable calculations with integers (HO)
)
\Hy@SavedSpaceFactor=\count272
 (d:/texlive/2024/texmf-dist/tex/latex/hyperref/puenc.def
File: puenc.def 2024-01-20 v7.01h Hyperref: PDF Unicode definition (HO)
Now handling font encoding PU ...
... no UTF-8 mapping file for font encoding PU
)
Package hyperref Info: Hyper figures OFF on input line 4178.
Package hyperref Info: Link nesting OFF on input line 4183.
Package hyperref Info: Hyper index ON on input line 4186.
Package hyperref Info: Plain pages OFF on input line 4193.
Package hyperref Info: Backreferencing OFF on input line 4198.
Package hyperref Info: Implicit mode ON; LaTeX internals redefined.
Package hyperref Info: Bookmarks ON on input line 4445.
\c@Hy@tempcnt=\count273
 (d:/texlive/2024/texmf-dist/tex/latex/url/url.sty
\Urlmuskip=\muskip16
Package: url 2013/09/16  ver 3.4  Verb mode for urls, etc.
)
LaTeX Info: Redefining \url on input line 4783.
\XeTeXLinkMargin=\dimen166
 (d:/texlive/2024/texmf-dist/tex/generic/bitset/bitset.sty
Package: bitset 2019/12/09 v1.3 Handle bit-vector datatype (HO)
 (d:/texlive/2024/texmf-dist/tex/generic/bigintcalc/bigintcalc.sty
Package: bigintcalc 2019/12/15 v1.5 Expandable calculations on big integers (HO)
))
\Fld@menulength=\count274
\Field@Width=\dimen167
\Fld@charsize=\dimen168
Package hyperref Info: Hyper figures OFF on input line 6062.
Package hyperref Info: Link nesting OFF on input line 6067.
Package hyperref Info: Hyper index ON on input line 6070.
Package hyperref Info: backreferencing OFF on input line 6077.
Package hyperref Info: Link coloring OFF on input line 6082.
Package hyperref Info: Link coloring with OCG OFF on input line 6087.
Package hyperref Info: PDF/A mode OFF on input line 6092.
 (d:/texlive/2024/texmf-dist/tex/latex/base/atbegshi-ltx.sty
Package: atbegshi-ltx 2021/01/10 v1.0c Emulation of the original atbegshi
package with kernel methods
)
\Hy@abspage=\count275
\c@Item=\count276
\c@Hfootnote=\count277
)
Package hyperref Info: Driver (autodetected): hpdftex.
 (d:/texlive/2024/texmf-dist/tex/latex/hyperref/hpdftex.def
File: hpdftex.def 2024-01-20 v7.01h Hyperref driver for pdfTeX
 (d:/texlive/2024/texmf-dist/tex/latex/base/atveryend-ltx.sty
Package: atveryend-ltx 2020/08/19 v1.0a Emulation of the original atveryend package
with kernel methods
)
\Fld@listcount=\count278
\c@bookmark@seq@number=\count279
 (d:/texlive/2024/texmf-dist/tex/latex/rerunfilecheck/rerunfilecheck.sty
Package: rerunfilecheck 2022-07-10 v1.10 Rerun checks for auxiliary files (HO)
 (d:/texlive/2024/texmf-dist/tex/generic/uniquecounter/uniquecounter.sty
Package: uniquecounter 2019/12/15 v1.4 Provide unlimited unique counter (HO)
)
Package uniquecounter Info: New unique counter `rerunfilecheck' on input line 285.
)
\Hy@SectionHShift=\skip50
)
Package hyperref Info: Option `bookmarksopen' set `true' on input line 20.
 (d:/texlive/2024/texmf-dist/tex/latex/l3backend/l3backend-pdftex.def
File: l3backend-pdftex.def 2024-02-20 L3 backend support: PDF output (pdfTeX)
\l__color_backend_stack_int=\count280
\l__pdf_internal_box=\box55
) (./Gruppo_A.aux)
\openout1 = `Gruppo_A.aux'.

LaTeX Font Info:    Checking defaults for OML/cmm/m/it on input line 22.
LaTeX Font Info:    ... okay on input line 22.
LaTeX Font Info:    Checking defaults for OMS/cmsy/m/n on input line 22.
LaTeX Font Info:    ... okay on input line 22.
LaTeX Font Info:    Checking defaults for OT1/cmr/m/n on input line 22.
LaTeX Font Info:    ... okay on input line 22.
LaTeX Font Info:    Checking defaults for T1/cmr/m/n on input line 22.
LaTeX Font Info:    ... okay on input line 22.
LaTeX Font Info:    Checking defaults for TS1/cmr/m/n on input line 22.
LaTeX Font Info:    ... okay on input line 22.
LaTeX Font Info:    Checking defaults for OMX/cmex/m/n on input line 22.
LaTeX Font Info:    ... okay on input line 22.
LaTeX Font Info:    Checking defaults for U/cmr/m/n on input line 22.
LaTeX Font Info:    ... okay on input line 22.
LaTeX Font Info:    Checking defaults for PD1/pdf/m/n on input line 22.
LaTeX Font Info:    ... okay on input line 22.
LaTeX Font Info:    Checking defaults for PU/pdf/m/n on input line 22.
LaTeX Font Info:    ... okay on input line 22.
 (d:/texlive/2024/texmf-dist/tex/context/base/mkii/supp-pdf.mkii
[Loading MPS to PDF converter (version 2006.09.02).]
\scratchcounter=\count281
\scratchdimen=\dimen169
\scratchbox=\box56
\nofMPsegments=\count282
\nofMParguments=\count283
\everyMPshowfont=\toks24
\MPscratchCnt=\count284
\MPscratchDim=\dimen170
\MPnumerator=\count285
\makeMPintoPDFobject=\count286
\everyMPtoPDFconversion=\toks25
) (d:/texlive/2024/texmf-dist/tex/latex/epstopdf-pkg/epstopdf-base.sty
Package: epstopdf-base 2020-01-24 v2.11 Base part for package epstopdf
Package epstopdf-base Info: Redefining graphics rule for `.eps' on input line 485.
 (d:/texlive/2024/texmf-dist/tex/latex/latexconfig/epstopdf-sys.cfg
File: epstopdf-sys.cfg 2010/07/13 v1.3 Configuration of (r)epstopdf for TeX Live
))
*geometry* driver: auto-detecting
*geometry* detected driver: pdftex
*geometry* verbose mode - [ preamble ] result:
* driver: pdftex
* paper: a4paper
* layout: <same size as paper>
* layoutoffset:(h,v)=(0.0pt,0.0pt)
* modes: 
* h-part:(L,W,R)=(14.22636pt, 483.69684pt, 99.58467pt)
* v-part:(T,H,B)=(56.9055pt, 731.23582pt, 56.90552pt)
* \paperwidth=597.50787pt
* \paperheight=845.04684pt
* \textwidth=483.69684pt
* \textheight=731.23582pt
* \oddsidemargin=-58.04362pt
* \evensidemargin=-58.04362pt
* \topmargin=-52.36449pt
* \headheight=12.0pt
* \headsep=25.0pt
* \topskip=10.0pt
* \footskip=30.0pt
* \marginparwidth=65.0pt
* \marginparsep=11.0pt
* \columnsep=10.0pt
* \skip\footins=9.0pt plus 4.0pt minus 2.0pt
* \hoffset=0.0pt
* \voffset=0.0pt
* \mag=1000
* \@twocolumnfalse
* \@twosidefalse
* \@mparswitchfalse
* \@reversemarginfalse
* (1in=72.27pt=25.4mm, 1cm=28.453pt)

Package hyperref Info: Link coloring OFF on input line 22.
(./Gruppo_A.out) (./Gruppo_A.out)
\@outlinefile=\write3
\openout3 = `Gruppo_A.out'.

 (./Gruppo_A.toc
LaTeX Font Info:    External font `cmex10' loaded for size
(Font)              <7> on input line 3.
LaTeX Font Info:    External font `cmex10' loaded for size
(Font)              <5> on input line 3.
 [1

{d:/texlive/2024/texmf-var/fonts/map/pdftex/updmap/pdftex.map}])
\tf@toc=\write4
\openout4 = `Gruppo_A.toc'.

 [2]
LaTeX Font Info:    External font `cmex10' loaded for size
(Font)              <12> on input line 26.
LaTeX Font Info:    External font `cmex10' loaded for size
(Font)              <8> on input line 26.
LaTeX Font Info:    External font `cmex10' loaded for size
(Font)              <6> on input line 26.
<../Mostri/Goblin.png, id=515, 296.90926pt x 355.3275pt>
File: ../Mostri/Goblin.png Graphic file (type png)
<use ../Mostri/Goblin.png>
Package pdftex.def Info: ../Mostri/Goblin.png  used on input line 34.
(pdftex.def)             Requested size: 113.8098pt x 170.71791pt.
<../Mostri/Lupo.png, id=517, 360.1455pt x 455.301pt>
File: ../Mostri/Lupo.png Graphic file (type png)
<use ../Mostri/Lupo.png>
Package pdftex.def Info: ../Mostri/Lupo.png  used on input line 34.
(pdftex.def)             Requested size: 113.80911pt x 170.7166pt.
<../PNG/Sildar_Hallwinter.png, id=518, 292.6935pt x 483.0045pt>
File: ../PNG/Sildar_Hallwinter.png Graphic file (type png)
<use ../PNG/Sildar_Hallwinter.png>
Package pdftex.def Info: ../PNG/Sildar_Hallwinter.png  used on input line 34.
(pdftex.def)             Requested size: 113.81058pt x 170.71236pt.
<../Mostri/Bugbear.png, id=519, 195.73125pt x 289.08pt>
File: ../Mostri/Bugbear.png Graphic file (type png)
<use ../Mostri/Bugbear.png>
Package pdftex.def Info: ../Mostri/Bugbear.png  used on input line 35.
(pdftex.def)             Requested size: 113.81091pt x 170.71451pt.
<../Mostri/Marchi Rossi.PNG, id=520, 323.40825pt x 367.3725pt>
File: ../Mostri/Marchi Rossi.PNG Graphic file (type png)
<use ../Mostri/Marchi Rossi.PNG>
Package pdftex.def Info: ../Mostri/Marchi Rossi.PNG  used on input line 38.
(pdftex.def)             Requested size: 113.81142pt x 170.71992pt.
<../Mostri/Orco.PNG, id=521, 299.31825pt x 391.4625pt>
File: ../Mostri/Orco.PNG Graphic file (type png)
<use ../Mostri/Orco.PNG>
Package pdftex.def Info: ../Mostri/Orco.PNG  used on input line 38.
(pdftex.def)             Requested size: 113.81062pt x 170.71487pt.
<../Mostri/Ogre.png, id=522, 230.0595pt x 271.61475pt>
File: ../Mostri/Ogre.png Graphic file (type png)
<use ../Mostri/Ogre.png>
Package pdftex.def Info: ../Mostri/Ogre.png  used on input line 38.
(pdftex.def)             Requested size: 113.81134pt x 170.71617pt.
<../Mostri/HalmunKost.png, id=523, 290.88675pt x 350.5095pt>
File: ../Mostri/HalmunKost.png Graphic file (type png)
<use ../Mostri/HalmunKost.png>
Package pdftex.def Info: ../Mostri/HalmunKost.png  used on input line 38.
(pdftex.def)             Requested size: 113.80933pt x 170.71893pt.

Overfull \hbox (19.54752pt too wide) in paragraph at lines 31--42
 [][] 
 []

<../Mostri/Zombi.png, id=524, 227.04825pt x 305.34074pt>
File: ../Mostri/Zombi.png Graphic file (type png)
<use ../Mostri/Zombi.png>
Package pdftex.def Info: ../Mostri/Zombi.png  used on input line 49.
(pdftex.def)             Requested size: 113.81139pt x 170.71942pt.
<../Mostri/UccelloStigeo.png, id=525, 221.628pt x 304.13625pt>
File: ../Mostri/UccelloStigeo.png Graphic file (type png)
<use ../Mostri/UccelloStigeo.png>
Package pdftex.def Info: ../Mostri/UccelloStigeo.png  used on input line 49.
(pdftex.def)             Requested size: 113.80997pt x 170.71887pt.
<../Mostri/Nothic.png, id=526, 301.72725pt x 494.44725pt>
File: ../Mostri/Nothic.png Graphic file (type png)
<use ../Mostri/Nothic.png>
Package pdftex.def Info: ../Mostri/Nothic.png  used on input line 49.
(pdftex.def)             Requested size: 113.81041pt x 170.71274pt.
<../Mostri/Scheletro.png, id=527, 284.262pt x 370.986pt>
File: ../Mostri/Scheletro.png Graphic file (type png)
<use ../Mostri/Scheletro.png>
Package pdftex.def Info: ../Mostri/Scheletro.png  used on input line 49.
(pdftex.def)             Requested size: 113.81122pt x 170.71222pt.
File: ../Mostri/HalmunKost.png Graphic file (type png)
<use ../Mostri/HalmunKost.png>
Package pdftex.def Info: ../Mostri/HalmunKost.png  used on input line 52.
(pdftex.def)             Requested size: 113.80933pt x 170.71893pt.

Overfull \hbox (19.5462pt too wide) in paragraph at lines 47--56
 [][] 
 []

[3] [4 <../Mostri/Goblin.png> <../Mostri/Lupo.png> <../PNG/Sildar_Hallwinter.png> <../Mostri/Bugbear.png> <../Mostri/Marchi Rossi.PNG> <../Mostri/Orco.PNG> <../Mostri/Ogre.png> <../Mostri/HalmunKost.png>] [5 <../Mostri/Zombi.png> <../Mostri/UccelloStigeo.png> <../Mostri/Nothic.png> <../Mostri/Scheletro.png>] [6]
<../Mappe/NascondiglioDiCagramaw.PNG, id=590, 759.43726pt x 528.7755pt>
File: ../Mappe/NascondiglioDiCagramaw.PNG Graphic file (type png)
<use ../Mappe/NascondiglioDiCagramaw.PNG>
Package pdftex.def Info: ../Mappe/NascondiglioDiCagramaw.PNG  used on input line 100.
(pdftex.def)             Requested size: 569.08984pt x 341.44084pt.

Overfull \hbox (85.393pt too wide) in paragraph at lines 100--101
[][] 
 []


Underfull \hbox (badness 10000) in paragraph at lines 124--134

 []

[7 <../Mappe/NascondiglioDiCagramaw.PNG>] [8]
Underfull \hbox (badness 10000) in paragraph at lines 222--237

 []

[9]
Overfull \hbox (4.43477pt too wide) in paragraph at lines 313--316
[]\OT1/cmr/bx/n/10 Tesoro\OT1/cmr/m/n/10 Yeemik porta con s^^Se un borsello con-te-nente tre denti d'oro (1 mo cias-cuno) e 15 ma. L'equipaggiamento
 []


Underfull \hbox (badness 10000) in paragraph at lines 331--339

 []

[10]
<../Mappe/Phandalin.PNG, id=611, 760.0395pt x 530.58224pt>
File: ../Mappe/Phandalin.PNG Graphic file (type png)
<use ../Mappe/Phandalin.PNG>
Package pdftex.def Info: ../Mappe/Phandalin.PNG  used on input line 396.
(pdftex.def)             Requested size: 570.02824pt x 397.9357pt.
 [11 <../Mappe/Phandalin.PNG>] [12] [13]
Overfull \hbox (3.24522pt too wide) in paragraph at lines 687--693
 \OT1/cmr/bx/n/10 3.3.8.3 Merci Re-cu-per-ate[][] \OT1/cmr/m/n/10 . Se i per-son-aggi resti-tu-is-cono le merci ru-bate trovate nell'area 8 del nascondiglio
 []

[14] [15] [16]
Underfull \hbox (badness 10000) in paragraph at lines 905--915

 []

[17]
Overfull \hbox (0.69199pt too wide) in paragraph at lines 988--993
 \OT1/cmr/bx/n/10 3.3.17.1 Tratti Gen-er-ali[][] \OT1/cmr/m/n/10 Il nascondiglio ^^Re com-posto da una se-rie di camere di dun-geon di sol-ida costruzione,
 []

<../Mappe/NascondiglioDeiMarchiRossi.PNG, id=696, 660.66824pt x 461.3235pt>
File: ../Mappe/NascondiglioDeiMarchiRossi.PNG Graphic file (type png)
<use ../Mappe/NascondiglioDeiMarchiRossi.PNG>
Package pdftex.def Info: ../Mappe/NascondiglioDeiMarchiRossi.PNG  used on input line 1023.
(pdftex.def)             Requested size: 569.08098pt x 341.4374pt.

Overfull \hbox (85.38414pt too wide) in paragraph at lines 1023--1024
[][] 
 []

[18] [19 <../Mappe/NascondiglioDeiMarchiRossi.PNG>]
Underfull \hbox (badness 10000) in paragraph at lines 1106--1131

 []


Underfull \hbox (badness 10000) in paragraph at lines 1157--1170

 []


Underfull \hbox (badness 10000) in paragraph at lines 1171--1176

 []


Underfull \hbox (badness 10000) in paragraph at lines 1177--1187

 []

[20]
Underfull \hbox (badness 10000) in paragraph at lines 1188--1201

 []


Underfull \hbox (badness 10000) in paragraph at lines 1215--1224

 []


Underfull \hbox (badness 10000) in paragraph at lines 1230--1235

 []


Underfull \hbox (badness 10000) in paragraph at lines 1250--1283

 []

[21] [22]
Underfull \hbox (badness 10000) in paragraph at lines 1445--1484

 []

[23] [24]
Overfull \hbox (3.54695pt too wide) in paragraph at lines 1565--1610
[]\OT1/cmr/bx/n/10 Iarno:\OT1/cmr/m/n/10 Iarno ^^Re un ex-membro dell'Alleanza dei Lord che, una volta giunto a Phan-dalin, ha colto un'opportunit^^Ra
 []


Package hyperref Warning: Difference (2) between bookmark levels is greater 
(hyperref)                than one, level fixed on input line 1665.

[25]

Package hyperref Warning: Difference (2) between bookmark levels is greater 
(hyperref)                than one, level fixed on input line 1752.

[26] [27] [28]

Package hyperref Warning: Difference (2) between bookmark levels is greater 
(hyperref)                than one, level fixed on input line 1950.


Underfull \hbox (badness 10000) in paragraph at lines 1965--1968

 []


Underfull \hbox (badness 10000) in paragraph at lines 1975--1976

 []


Underfull \hbox (badness 10000) in paragraph at lines 1992--1999

 []

[29]
Underfull \hbox (badness 10000) in paragraph at lines 2026--2030

 []


Underfull \hbox (badness 10000) in paragraph at lines 2033--2034

 []


Underfull \hbox (badness 10000) in paragraph at lines 2035--2040

 []


Underfull \hbox (badness 10000) in paragraph at lines 2044--2050

 []

[30]
Underfull \hbox (badness 10000) in paragraph at lines 2109--2129

 []


Underfull \hbox (badness 10000) in paragraph at lines 2109--2129

 []


Underfull \hbox (badness 10000) in paragraph at lines 2131--2161

 []


Underfull \hbox (badness 10000) in paragraph at lines 2131--2161

 []

[31] (./Gruppo_A.aux)
 ***********
LaTeX2e <2023-11-01> patch level 1
L3 programming layer <2024-02-20>
 ***********
Package rerunfilecheck Info: File `Gruppo_A.out' has not changed.
(rerunfilecheck)             Checksum: 65672989BAC2A846CCB8B7FF064C3129;16195.
 ) 
Here is how much of TeX's memory you used:
 10531 strings out of 476075
 166609 string characters out of 5793307
 1958190 words of memory out of 5000000
 32269 multiletter control sequences out of 15000+600000
 563306 words of font info for 53 fonts, out of 8000000 for 9000
 14 hyphenation exceptions out of 8191
 75i,12n,79p,1394b,603s stack positions out of 10000i,1000n,20000p,200000b,200000s

pdfTeX warning (dest): name{nascondiglio} has been referenced but does not exist, replaced by a fixed one


pdfTeX warning (dest): name{tor} has been referenced but does not exist, replaced by a fixed one


pdfTeX warning (dest): name{agatha} has been referenced but does not exist, replaced by a fixed one


pdfTeX warning (dest): name{rovine} has been referenced but does not exist, replaced by a fixed one


pdfTeX warning (dest): name{gufo} has been referenced but does not exist, replaced by a fixed one


pdfTeX warning (dest): name{maniero} has been referenced but does not exist, replaced by a fixed one


pdfTeX warning (dest): name{phandalin} has been referenced but does not exist, replaced by a fixed one


pdfTeX warning (dest): name{phandlin} has been referenced but does not exist, replaced by a fixed one

 <c:/Users/Giovanni/.texlive2024/texmf-var/fonts/pk/ljfour/jknappen/ec/tcrm1000.600pk><d:/texlive/2024/texmf-dist/fonts/type1/public/amsfonts/cm/cmbx10.pfb><d:/texlive/2024/texmf-dist/fonts/type1/public/amsfonts/cm/cmbx12.pfb><d:/texlive/2024/texmf-dist/fonts/type1/public/amsfonts/cm/cmcsc10.pfb><d:/texlive/2024/texmf-dist/fonts/type1/public/amsfonts/cm/cmr10.pfb><d:/texlive/2024/texmf-dist/fonts/type1/public/amsfonts/cm/cmr12.pfb><d:/texlive/2024/texmf-dist/fonts/type1/public/amsfonts/cm/cmr17.pfb><d:/texlive/2024/texmf-dist/fonts/type1/public/amsfonts/cm/cmti10.pfb>
Output written on Gruppo_A.pdf (31 pages, 13027129 bytes).
PDF statistics:
 909 PDF objects out of 1000 (max. 8388607)
 823 compressed objects within 9 object streams
 247 named destinations out of 1000 (max. 500000)
 868 words of extra memory for PDF output out of 10000 (max. 10000000)

