\BOOKMARK [1][-]{section.1}{\376\377\000T\000r\000a\000m\000a}{}% 1
\BOOKMARK [2][-]{subsection.1.1}{\376\377\000L\000a\000\040\000T\000o\000r\000r\000e\000\040\000d\000e\000l\000\040\000M\000a\000g\000o\000\040\000\050\000d\000a\000\040\000L\000i\000v\000\040\0001\000\040\000a\000\040\000l\000i\000v\000\040\0002\000\051}{section.1}% 2
\BOOKMARK [3][-]{subsubsection.1.1.1}{\376\377\000S\000o\000t\000t\000e\000r\000r\000a\000n\000e\000i}{subsection.1.1}% 3
\BOOKMARK [3][-]{subsubsection.1.1.2}{\376\377\000P\000r\000i\000m\000o\000\040\000P\000i\000a\000n\000o}{subsection.1.1}% 4
\BOOKMARK [3][-]{subsubsection.1.1.3}{\376\377\000S\000e\000c\000o\000n\000d\000o\000\040\000P\000i\000a\000n\000o}{subsection.1.1}% 5
\BOOKMARK [3][-]{subsubsection.1.1.4}{\376\377\000T\000e\000r\000z\000o\000\040\000P\000i\000a\000n\000o}{subsection.1.1}% 6
\BOOKMARK [3][-]{subsubsection.1.1.5}{\376\377\000U\000l\000t\000i\000m\000o\000\040\000P\000i\000a\000n\000o}{subsection.1.1}% 7
\BOOKMARK [2][-]{subsection.1.2}{\376\377\000i\000l\000\040\000R\000e\000\040\000r\000o\000s\000p\000o}{section.1}% 8
\BOOKMARK [3][-]{subsubsection.1.2.1}{\376\377\000P\000a\000l\000u\000d\000e}{subsection.1.2}% 9
\BOOKMARK [3][-]{subsubsection.1.2.2}{\376\377\000V\000i\000l\000l\000a\000g\000g\000i\000o}{subsection.1.2}% 10
\BOOKMARK [4][-]{subparagraph.1.2.2.0.1}{\376\377\000C\000o\000m\000p\000o\000r\000t\000a\000m\000e\000n\000t\000o}{subsubsection.1.2.2}% 11
\BOOKMARK [2][-]{subsection.1.3}{\376\377\000W\000a\000t\000e\000r\000d\000e\000e\000p\000:\000\040\000i\000l\000\040\000f\000u\000r\000t\000o\000\040\000d\000e\000i\000\040\000d\000r\000a\000g\000o\000n\000i}{section.1}% 12
\BOOKMARK [3][-]{subsubsection.1.3.1}{\376\377\000V\000o\000l\000t\000i\000\040\000F\000a\000m\000i\000l\000i\000a\000r\000i}{subsection.1.3}% 13
\BOOKMARK [4][-]{paragraph.1.3.1.1}{\376\377\000D\000U\000R\000N\000A\000N}{subsubsection.1.3.1}% 14
\BOOKMARK [4][-]{paragraph.1.3.1.2}{\376\377\040\034\000B\000O\000N\000N\000I\000E\040\035}{subsubsection.1.3.1}% 15
\BOOKMARK [4][-]{paragraph.1.3.1.3}{\376\377\000M\000A\000T\000T\000R\000I\000M\000\040\040\034\000T\000r\000e\000\040\000C\000o\000r\000p\000E\040\035\000\040\000M\000E\000R\000E\000G}{subsubsection.1.3.1}% 16
\BOOKMARK [4][-]{paragraph.1.3.1.4}{\376\377\000J\000A\000L\000E\000S\000T\000E\000R\000\040\000S\000I\000L\000V\000E\000R\000M\000A\000N\000E}{subsubsection.1.3.1}% 17
\BOOKMARK [4][-]{paragraph.1.3.1.5}{\376\377\000M\000E\000L\000O\000O\000N\000\040\000W\000A\000R\000D\000R\000A\000G\000O\000N}{subsubsection.1.3.1}% 18
\BOOKMARK [4][-]{paragraph.1.3.1.6}{\376\377\000O\000B\000A\000Y\000A\000\040\000U\000D\000A\000Y}{subsubsection.1.3.1}% 19
\BOOKMARK [4][-]{paragraph.1.3.1.7}{\376\377\000Y\000A\000G\000R\000A\000\040\000S\000T\000O\000N\000E\000F\000I\000S\000T}{subsubsection.1.3.1}% 20
\BOOKMARK [3][-]{subsubsection.1.3.2}{\376\377\000S\000e\000t\000t\000i\000n\000g\000\040\000d\000e\000l\000l\000'\000a\000v\000v\000e\000n\000t\000u\000r\000a}{subsection.1.3}% 21
\BOOKMARK [4][-]{subparagraph.1.3.2.0.1}{}{subsubsection.1.3.2}% 22
\BOOKMARK [5][-]{subparagraph.1.3.2.0.2}{\376\377\000N\000e\000m\000i\000c\000o\000\040\000p\000r\000i\000n\000c\000i\000p\000a\000l\000e\000:\000\040}{subparagraph.1.3.2.0.1}% 23
\BOOKMARK [5][-]{subparagraph.1.3.2.0.3}{\376\377\000I\000n\000t\000e\000r\000d\000i\000z\000i\000o\000n\000e\000\040\000D\000r\000a\000c\000o\000n\000i\000c\000a\000\040\000d\000i\000\040\000A\000h\000g\000h\000a\000i\000r\000o\000n}{subparagraph.1.3.2.0.1}% 24
\BOOKMARK [5][-]{subparagraph.1.3.2.0.4}{\376\377\000C\000o\000d\000i\000c\000e\000\040\000l\000e\000g\000a\000l\000e\000\040\000d\000i\000\040\000W\000a\000t\000e\000r\000d\000e\000e\000p}{subparagraph.1.3.2.0.1}% 25
\BOOKMARK [3][-]{subsubsection.1.3.3}{\376\377\000I\000l\000\040\000V\000i\000a\000g\000g\000i\000o}{subsection.1.3}% 26
\BOOKMARK [4][-]{paragraph.1.3.3.1}{\376\377\000M\000a\000r\000e\000\040\000d\000e\000i\000\040\000M\000o\000r\000t\000i}{subsubsection.1.3.3}% 27
\BOOKMARK [4][-]{paragraph.1.3.3.2}{\376\377\000\040\000D\000e\000s\000c\000r\000i\000z\000i\000o\000n\000e\000\040}{subsubsection.1.3.3}% 28
\BOOKMARK [4][-]{paragraph.1.3.3.3}{\376\377\000I\000n\000c\000o\000n\000t\000r\000i}{subsubsection.1.3.3}% 29
\BOOKMARK [5][-]{subparagraph.1.3.3.3.1}{\376\377\000M\000e\000p\000h\000i\000t\000\040\000d\000e\000l\000\040\000F\000a\000n\000g\000o}{paragraph.1.3.3.3}% 30
\BOOKMARK [5][-]{subparagraph.1.3.3.3.2}{\376\377\000C\000o\000c\000c\000o\000d\000r\000i\000l\000l\000o}{paragraph.1.3.3.3}% 31
\BOOKMARK [5][-]{subparagraph.1.3.3.3.3}{\376\377\000R\000a\000g\000n\000o\000\040\000G\000i\000g\000a\000n\000t\000e}{paragraph.1.3.3.3}% 32
\BOOKMARK [5][-]{subparagraph.1.3.3.3.4}{\376\377\000R\000u\000d\000e\000r\000e\000\040\000e\000\040\000V\000e\000c\000c\000h\000i\000e\000t\000t\000o\000-\000C\000a\000n\000n\000i\000b\000a\000l\000e}{paragraph.1.3.3.3}% 33
\BOOKMARK [5][-]{subparagraph.1.3.3.3.5}{\376\377\000M\000o\000n\000t\000i\000\040\000d\000e\000l\000l\000a\000\040\000S\000p\000a\000d\000a\000:\000\040\000V\000a\000l\000l\000e}{paragraph.1.3.3.3}% 34
\BOOKMARK [3][-]{subsubsection.1.3.4}{\376\377\000A\000r\000r\000i\000v\000o\000\040\000a\000\040\000W\000a\000t\000e\000r\000d\000e\000e\000p\000\040\000:\000\040\000C\000a\000p\000i\000t\000o\000l\000o\000\040\0001}{subsection.1.3}% 35
\BOOKMARK [4][-]{paragraph.1.3.4.1}{\376\377\000C\000a\000s\000i\000n\000o\000\040\000i\000n\000\040\000c\000i\000t\000t\000\340\000:}{subsubsection.1.3.4}% 36
\BOOKMARK [4][-]{paragraph.1.3.4.2}{\376\377\000R\000i\000s\000s\000a\000\040\000i\000n\000\040\000T\000e\000v\000e\000r\000n\000a\000:\000\040\000P\000o\000r\000t\000a\000l\000e\000\040\000S\000p\000a\000l\000a\000n\000c\000a\000t\000o}{subsubsection.1.3.4}% 37
\BOOKMARK [5][-]{subparagraph.1.3.4.2.1}{\376\377\000D\000e\000s\000c\000r\000i\000z\000i\000o\000n\000e}{paragraph.1.3.4.2}% 38
\BOOKMARK [5][-]{subparagraph.1.3.4.2.2}{\376\377\000R\000i\000s\000s\000a}{paragraph.1.3.4.2}% 39
\BOOKMARK [4][-]{paragraph.1.3.4.3}{\376\377\000U\000N\000\040\000T\000R\000O\000L\000L\000\040\000E\000\040\000I\000\040\000S\000U\000O\000I\000\040\000A\000M\000I\000C\000I}{subsubsection.1.3.4}% 40
\BOOKMARK [5][-]{subparagraph.1.3.4.3.1}{\376\377\000D\000e\000s\000c\000r\000i\000z\000i\000o\000n\000e}{paragraph.1.3.4.3}% 41
\BOOKMARK [5][-]{subparagraph.1.3.4.3.2}{\376\377\000C\000o\000s\000a\000\040\000s\000u\000c\000c\000e\000d\000e}{paragraph.1.3.4.3}% 42
\BOOKMARK [4][-]{paragraph.1.3.4.4}{\376\377\000I\000n\000c\000o\000n\000t\000r\000o\000\040\000c\000o\000n\000\040\000V\000o\000l\000o}{subsubsection.1.3.4}% 43
\BOOKMARK [5][-]{subparagraph.1.3.4.4.1}{\376\377\000D\000e\000s\000c\000r\000i\000z\000i\000o\000n\000e}{paragraph.1.3.4.4}% 44
\BOOKMARK [5][-]{subparagraph.1.3.4.4.2}{\376\377\000C\000o\000s\000a\000\040\000s\000u\000c\000c\000e\000d\000e}{paragraph.1.3.4.4}% 45
\BOOKMARK [5][-]{subparagraph.1.3.4.4.3}{\376\377\000C\000o\000s\000a\000\040\000E\000\040\000S\000u\000c\000c\000e\000s\000s\000o\000\040\000Q\000U\000E\000L\000L\000A\000\040\000N\000O\000T\000T\000E\000?}{paragraph.1.3.4.4}% 46
\BOOKMARK [4][-]{paragraph.1.3.4.5}{\376\377\000T\000r\000o\000v\000a\000r\000e\000\040\000F\000l\000o\000o\000n}{subsubsection.1.3.4}% 47
\BOOKMARK [5][-]{subparagraph.1.3.4.5.1}{\376\377\000S\000t\000r\000a\000d\000e\000\040\000i\000n\000s\000a\000n\000g\000u\000i\000n\000a\000t\000e}{paragraph.1.3.4.5}% 48
\BOOKMARK [5][-]{subparagraph.1.3.4.5.2}{\376\377\000P\000E\000R\000L\000U\000S\000T\000R\000A\000R\000E\000\040\000I\000L\000\040\000Q\000U\000A\000R\000T\000I\000E\000R\000E\000\040\000D\000E\000L\000\040\000P\000O\000R\000T\000O}{paragraph.1.3.4.5}% 49
\BOOKMARK [5][-]{subparagraph.1.3.4.5.3}{\376\377\000L\000\040\000N\000E\000G\000O\000Z\000I\000O\000\040\000D\000E\000L\000\040\000V\000E\000C\000C\000H\000I\000O\000\040\000X\000O\000B\000L\000O\000B}{paragraph.1.3.4.5}% 50
\BOOKMARK [5][-]{subparagraph.1.3.4.5.4}{\376\377\000L\000\040\000D\000R\000A\000G\000O\000\040\000I\000N\000F\000I\000L\000Z\000A\000T\000O}{paragraph.1.3.4.5}% 51
\BOOKMARK [5][-]{subparagraph.1.3.4.5.5}{\376\377\000S\000T\000R\000A\000D\000I\000N\000A\000\040\000D\000E\000L\000L\000E\000\040\000C\000A\000N\000D\000E\000L\000E}{paragraph.1.3.4.5}% 52
\BOOKMARK [4][-]{paragraph.1.3.4.6}{\376\377\000I\000l\000\040\000n\000a\000s\000c\000o\000n\000d\000i\000g\000l\000i\000o\000\040\000d\000e\000g\000l\000i\000\040\000Z\000h\000e\000n\000t\000a\000r\000i\000m}{subsubsection.1.3.4}% 53
\BOOKMARK [5][-]{subparagraph.1.3.4.6.1}{\376\377\000Z\0001\000.\000\040\000C\000A\000M\000E\000R\000A\000\040\000P\000R\000I\000N\000C\000I\000P\000A\000L\000E}{paragraph.1.3.4.6}% 54
\BOOKMARK [5][-]{subparagraph.1.3.4.6.2}{\376\377\000Z\0002\000.\000\040\000R\000I\000P\000O\000S\000T\000I\000G\000L\000I\000O}{paragraph.1.3.4.6}% 55
\BOOKMARK [5][-]{subparagraph.1.3.4.6.3}{\376\377\000Z\0003\000.\000\040\000S\000T\000A\000N\000Z\000A\000\040\000S\000E\000G\000R\000E\000T\000A}{paragraph.1.3.4.6}% 56
\BOOKMARK [5][-]{subparagraph.1.3.4.6.4}{\376\377\000Z\0004\000.\000\040\000B\000A\000L\000C\000O\000N\000E}{paragraph.1.3.4.6}% 57
\BOOKMARK [5][-]{subparagraph.1.3.4.6.5}{\376\377\000Z\0005\000.\000\040\000U\000F\000F\000I\000C\000I}{paragraph.1.3.4.6}% 58
\BOOKMARK [4][-]{paragraph.1.3.4.7}{\376\377\000A\000R\000R\000I\000V\000A\000\040\000L\000A\000\040\000V\000I\000G\000I\000L\000A\000N\000Z\000A}{subsubsection.1.3.4}% 59
