\BOOKMARK [1][]{section.1}{\376\377\000N\000e\000m\000i\000c\000i}{}% 1
\BOOKMARK [1][]{section.2}{\376\377\000P\000N\000G\000\137\000C\000o\000m\000p\000a\000g\000n\000i}{}% 2
\BOOKMARK [2][]{subsection.2.1}{\376\377\000K\000a\000i\000\040\000S\000e\000r\000e\000n\000e\000s\000t\000e\000p}{section.2}% 3
\BOOKMARK [1][]{section.3}{\376\377\000L\000a\000\040\000m\000i\000n\000i\000e\000r\000a\000\040\000p\000e\000r\000d\000u\000t\000a\000\040\000d\000i\000\040\000P\000h\000a\000n\000d\000e\000l\000v\000e\000r\000\040\000\050\000l\000i\000v\000\040\0001\000\040\000-\000\040\0005\000\051}{}% 4
\BOOKMARK [2][]{subsection.3.1}{\376\377\000I\000n\000i\000z\000i\000o}{section.3}% 5
\BOOKMARK [2][]{subsection.3.2}{\376\377\000I\000l\000\040\000n\000a\000s\000c\000o\000n\000d\000i\000g\000l\000i\000o\000\040\000d\000e\000i\000\040\000C\000r\000a\000g\000m\000a\000w}{section.3}% 6
\BOOKMARK [3][]{subsubsection.3.2.1}{\376\377\000P\000o\000s\000t\000a\000z\000i\000o\000n\000e\000\040\000V\000e\000d\000e\000t\000t\000a}{subsection.3.2}% 7
\BOOKMARK [3][]{subsubsection.3.2.2}{\376\377\000C\000a\000n\000i\000l\000e}{subsection.3.2}% 8
\BOOKMARK [3][]{subsubsection.3.2.3}{\376\377\000P\000a\000s\000s\000a\000g\000g\000i\000o\000\040\000S\000c\000o\000s\000c\000e\000s\000o}{subsection.3.2}% 9
\BOOKMARK [3][]{subsubsection.3.2.4}{\376\377\000P\000a\000s\000s\000a\000g\000g\000i\000o\000\040\000R\000i\000a\000l\000z\000a\000t\000o}{subsection.3.2}% 10
\BOOKMARK [3][]{subsubsection.3.2.5}{\376\377\000C\000o\000v\000o\000\040\000d\000e\000i\000\040\000G\000o\000b\000l\000i\000n}{subsection.3.2}% 11
\BOOKMARK [3][]{subsubsection.3.2.6}{\376\377\000C\000a\000v\000e\000r\000n\000a\000\040\000d\000e\000l\000l\000e\000\040\000D\000u\000e\000\040\000V\000a\000s\000c\000h\000e}{subsection.3.2}% 12
\BOOKMARK [3][]{subsubsection.3.2.7}{\376\377\000C\000a\000v\000e\000r\000n\000a\000\040\000d\000i\000\040\000K\000l\000a\000r\000g}{subsection.3.2}% 13
\BOOKMARK [2][]{subsection.3.3}{\376\377\000P\000h\000a\000n\000d\000a\000l\000i\000n}{section.3}% 14
\BOOKMARK [3][]{subsubsection.3.3.1}{\376\377\000D\000e\000s\000c\000r\000i\000z\000i\000o\000n\000e\000\040\000P\000e\000r\000\040\000P\000h\000a\000n\000d\000a\000l\000i\000n}{subsection.3.3}% 15
\BOOKMARK [3][]{subsubsection.3.3.2}{\376\377\000P\000N\000G\000\137\000P\000H\000A\000N\000D\000A\000L\000I\000N}{subsection.3.3}% 16
\BOOKMARK [3][]{subsubsection.3.3.3}{\376\377\000F\000a\000b\000b\000r\000o\000:\000\040\000I\000l\000\040\000M\000a\000r\000t\000e\000l\000l\000a\000t\000o\000r\000e}{subsection.3.3}% 17
\BOOKMARK [3][]{subsubsection.3.3.4}{\376\377\000F\000a\000l\000e\000g\000n\000a\000m\000e\000:\000\040\000L\000a\000\040\000s\000e\000g\000a\000\040\000u\000m\000a\000n\000a}{subsection.3.3}% 18
\BOOKMARK [3][]{subsubsection.3.3.5}{\376\377\000L\000o\000c\000a\000n\000d\000a\000\040\000S\000t\000o\000n\000e\000h\000i\000l\000l}{subsection.3.3}% 19
\BOOKMARK [4][]{paragraph.3.3.5.1}{\376\377\000P\000r\000e\000s\000e\000n\000t\000a\000z\000i\000o\000n\000e}{subsubsection.3.3.5}% 20
\BOOKMARK [4][]{paragraph.3.3.5.2}{\376\377\000D\000e\000s\000c\000r\000i\000z\000i\000o\000n\000e}{subsubsection.3.3.5}% 21
\BOOKMARK [4][]{paragraph.3.3.5.3}{\376\377\000D\000i\000c\000e\000r\000i\000e}{subsubsection.3.3.5}% 22
\BOOKMARK [3][]{subsubsection.3.3.6}{\376\377\000P\000R\000O\000V\000V\000I\000S\000T\000E\000\040\000D\000I\000\040\000B\000A\000R\000T\000H\000E\000N}{subsection.3.3}% 23
\BOOKMARK [4][]{paragraph.3.3.6.1}{\376\377\000C\000o\000n\000s\000e\000g\000n\000a\000r\000e\000\040\000l\000e\000\040\000P\000r\000o\000v\000v\000i\000s\000t\000e}{subsubsection.3.3.6}% 24
\BOOKMARK [4][]{paragraph.3.3.6.2}{\376\377\000L\000e\000\040\000N\000o\000t\000i\000z\000i\000e\000\040\000d\000i\000\040\000B\000a\000r\000t\000h\000e\000n}{subsubsection.3.3.6}% 25
\BOOKMARK [3][]{subsubsection.3.3.7}{\376\377\000F\000r\000u\000t\000t\000e\000t\000o\000\040\000E\000d\000e\000r\000m\000a\000t\000h}{subsection.3.3}% 26
\BOOKMARK [4][]{paragraph.3.3.7.1}{\376\377\000P\000r\000o\000b\000l\000e\000m\000i\000\040\000a\000l\000\040\000V\000e\000c\000c\000h\000i\000o\000\040\000G\000u\000f\000o}{subsubsection.3.3.7}% 27
\BOOKMARK [4][]{paragraph.3.3.7.2}{\376\377\000C\000o\000n\000s\000e\000g\000u\000e\000n\000z\000e\000:\000\040\000U\000N\000I\000R\000S\000I\000\040\000A\000L\000L\000'\000O\000R\000D\000I\000N\000E\000\040\000D\000E\000L\000\040\000G\000U\000A\000N\000T\000O\000\040\000D\000'\000A\000R\000M\000E\000\040}{subsubsection.3.3.7}% 28
\BOOKMARK [3][]{subsubsection.3.3.8}{\376\377\000S\000c\000u\000d\000o\000\040\000d\000e\000l\000\040\000L\000e\000o\000n\000e}{subsection.3.3}% 29
\BOOKMARK [4][]{paragraph.3.3.8.1}{\376\377\000D\000e\000s\000c\000r\000i\000z\000i\000o\000n\000e}{subsubsection.3.3.8}% 30
\BOOKMARK [4][]{paragraph.3.3.8.2}{\376\377\000M\000i\000s\000s\000i\000o\000n\000e}{subsubsection.3.3.8}% 31
\BOOKMARK [4][]{paragraph.3.3.8.3}{\376\377\000M\000e\000r\000c\000i\000\040\000R\000e\000c\000u\000p\000e\000r\000a\000t\000e}{subsubsection.3.3.8}% 32
\BOOKMARK [3][]{subsubsection.3.3.9}{\376\377\000B\000o\000r\000s\000a\000\040\000d\000e\000i\000\040\000m\000i\000n\000a\000t\000o\000r\000i\000\040\000D\000i\000\040\000P\000h\000a\000n\000d\000a\000l\000i\000n}{subsection.3.3}% 33
\BOOKMARK [4][]{paragraph.3.3.9.1}{\376\377\000M\000i\000s\000s\000i\000o\000n\000e\000:\000\040\000L\040\031\000O\000f\000f\000e\000r\000t\000a\000\040\000d\000i\000\040\000L\000a\000v\000o\000r\000o\000\040\000d\000i\000\040\000H\000a\000l\000i\000a\000.}{subsubsection.3.3.9}% 34
\BOOKMARK [4][]{paragraph.3.3.9.2}{\376\377\000U\000N\000I\000R\000S\000I\000\040\000A\000G\000L\000I\000\040\000Z\000H\000E\000N\000T\000A\000R\000I\000M}{subsubsection.3.3.9}% 35
\BOOKMARK [3][]{subsubsection.3.3.10}{\376\377\000F\000A\000T\000T\000O\000R\000I\000A\000\040\000A\000L\000D\000E\000R\000L\000E\000A\000F}{subsection.3.3}% 36
\BOOKMARK [4][]{paragraph.3.3.10.1}{\376\377\000L\000a\000\040\000S\000t\000o\000r\000i\000a\000\040\000d\000i\000\040\000C\000a\000r\000p\000.}{subsubsection.3.3.10}% 37
\BOOKMARK [4][]{paragraph.3.3.10.2}{\376\377\000M\000i\000s\000s\000i\000o\000n\000e\000:\000\040\000R\000e\000i\000d\000o\000t\000h\000\040\000i\000l\000\040\000D\000r\000u\000i\000d\000o\000.}{subsubsection.3.3.10}% 38
\BOOKMARK [3][]{subsubsection.3.3.11}{\376\377\000S\000A\000N\000T\000U\000A\000R\000I\000O\000\040\000D\000E\000L\000L\000A\000\040\000F\000O\000R\000T\000U\000N\000A}{subsection.3.3}% 39
\BOOKMARK [4][]{paragraph.3.3.11.1}{\376\377\000M\000i\000s\000s\000i\000o\000n\000e\000:\000\040\000I\000l\000\040\000P\000a\000t\000t\000o\000\040\000c\000o\000n\000\040\000l\000a\000\040\000B\000a\000n\000s\000h\000e\000e\000.}{subsubsection.3.3.11}% 40
\BOOKMARK [4][]{paragraph.3.3.11.2}{\376\377\000C\000o\000n\000s\000e\000g\000u\000e\000n\000z\000e\000:\000\040\000U\000N\000I\000R\000S\000I\000\040\000A\000G\000L\000I\000\040\000A\000R\000P\000I\000S\000T\000I\000\040}{subsubsection.3.3.11}% 41
\BOOKMARK [3][]{subsubsection.3.3.12}{\376\377\000I\000L\000\040\000G\000I\000G\000A\000N\000T\000E\000\040\000A\000D\000D\000O\000R\000M\000E\000N\000T\000A\000T\000O}{subsection.3.3}% 42
\BOOKMARK [3][]{subsubsection.3.3.13}{\376\377\000V\000I\000L\000L\000A\000\040\000D\000E\000L\000\040\000B\000O\000R\000G\000O\000M\000A\000S\000T\000R\000O}{subsection.3.3}% 43
\BOOKMARK [4][]{paragraph.3.3.13.1}{\376\377\000D\000e\000s\000c\000r\000i\000z\000i\000o\000n\000e}{subsubsection.3.3.13}% 44
\BOOKMARK [4][]{paragraph.3.3.13.2}{\376\377\000I\000n\000d\000i\000z\000i}{subsubsection.3.3.13}% 45
\BOOKMARK [4][]{paragraph.3.3.13.3}{\376\377\000M\000i\000s\000s\000i\000o\000n\000e\000:\000\040\000P\000r\000o\000b\000l\000e\000m\000i\000\040\000c\000o\000n\000\040\000g\000l\000i\000\040\000O\000r\000c\000h\000i\000.}{subsubsection.3.3.13}% 46
\BOOKMARK [3][]{subsubsection.3.3.14}{\376\377\000M\000A\000N\000I\000E\000R\000O\000\040\000T\000R\000E\000S\000E\000N\000D\000A\000R}{subsection.3.3}% 47
\BOOKMARK [3][]{subsubsection.3.3.15}{\376\377\000M\000A\000L\000V\000I\000V\000E\000N\000T\000I\000\040\000D\000E\000I\000\040\000M\000A\000R\000C\000H\000I\000\040\000R\000O\000S\000S\000I}{subsection.3.3}% 48
\BOOKMARK [3][]{subsubsection.3.3.16}{\376\377\000F\000A\000C\000C\000I\000A\000\040\000A\000\040\000F\000A\000C\000C\000I\000A}{subsection.3.3}% 49
\BOOKMARK [4][]{paragraph.3.3.16.1}{\376\377\000S\000v\000i\000l\000u\000p\000p\000i}{subsubsection.3.3.16}% 50
\BOOKMARK [4][]{paragraph.3.3.16.2}{\376\377\000I\000\040\000G\000i\000o\000c\000a\000t\000o\000r\000i\000\040\000H\000a\000n\000n\000o\000\040\000B\000i\000s\000o\000g\000n\000o\000\040\000D\000I\000\040\000I\000N\000D\000I\000C\000A\000Z\000I\000O\000N\000I\000?}{subsubsection.3.3.16}% 51
\BOOKMARK [4][]{paragraph.3.3.16.3}{\376\377\000C\000o\000s\000a\000\040\000s\000a\000n\000n\000o\000\040\000i\000\040\000m\000a\000r\000c\000h\000i\000\040\000r\000o\000s\000s\000i}{subsubsection.3.3.16}% 52
\BOOKMARK [3][]{subsubsection.3.3.17}{\376\377\000I\000L\000\040\000N\000A\000S\000C\000O\000N\000D\000I\000G\000L\000I\000O\000\040\000D\000E\000I\000\040\000M\000A\000R\000C\000H\000I\000\040\000R\000O\000S\000S\000I}{subsection.3.3}% 53
\BOOKMARK [4][]{paragraph.3.3.17.1}{\376\377\000T\000r\000a\000t\000t\000i\000\040\000G\000e\000n\000e\000r\000a\000l\000i}{subsubsection.3.3.17}% 54
\BOOKMARK [5][]{subparagraph.3.3.17.1.1}{\376\377\000C\000a\000n\000t\000i\000n\000a}{paragraph.3.3.17.1}% 55
\BOOKMARK [5][]{subparagraph.3.3.17.1.2}{\376\377\000D\000o\000r\000m\000i\000t\000o\000r\000i\000o}{paragraph.3.3.17.1}% 56
\BOOKMARK [5][]{subparagraph.3.3.17.1.3}{\376\377\000C\000o\000r\000r\000i\000d\000o\000i\000o\000\040\000c\000o\000n\000\040\000T\000r\000a\000p\000p\000o\000l\000a}{paragraph.3.3.17.1}% 57
\BOOKMARK [5][]{subparagraph.3.3.17.1.4}{\376\377\000C\000r\000i\000p\000t\000e\000\040\000D\000i\000\040\000T\000r\000e\000s\000e\000n\000d\000a\000r}{paragraph.3.3.17.1}% 58
\BOOKMARK [5][]{subparagraph.3.3.17.1.5}{\376\377\000R\000e\000c\000i\000n\000t\000i\000\040\000D\000e\000g\000l\000i\000\040\000S\000c\000h\000i\000a\000v\000i}{paragraph.3.3.17.1}% 59
\BOOKMARK [5][]{subparagraph.3.3.17.1.6}{\376\377\000A\000r\000m\000e\000r\000i\000a}{paragraph.3.3.17.1}% 60
\BOOKMARK [5][]{subparagraph.3.3.17.1.7}{\376\377\000M\000a\000g\000a\000z\000z\000i\000n\000o\000\040\000e\000\040\000O\000f\000f\000i\000c\000i\000n\000a}{paragraph.3.3.17.1}% 61
\BOOKMARK [5][]{subparagraph.3.3.17.1.8}{\376\377\000C\000r\000e\000p\000a\000c\000c\000i\000o}{paragraph.3.3.17.1}% 62
\BOOKMARK [5][]{subparagraph.3.3.17.1.9}{\376\377\000D\000o\000r\000m\000i\000t\000o\000r\000i\000o\000\040\000d\000e\000l\000l\000e\000\040\000g\000u\000a\000r\000d\000i\000e}{paragraph.3.3.17.1}% 63
\BOOKMARK [5][]{subparagraph.3.3.17.1.10}{\376\377\000S\000a\000l\000a\000\040\000C\000o\000m\000u\000n\000e}{paragraph.3.3.17.1}% 64
\BOOKMARK [5][]{subparagraph.3.3.17.1.11}{\376\377\000L\000a\000b\000o\000r\000a\000t\000o\000r\000i\000o\000\040\000d\000e\000l\000\040\000m\000a\000g\000o}{paragraph.3.3.17.1}% 65
\BOOKMARK [5][]{subparagraph.3.3.17.1.12}{\376\377\000A\000l\000l\000o\000g\000g\000i\000\040\000d\000i\000\040\000B\000a\000s\000t\000o\000n\000e\000\040\000d\000i\000\040\000v\000e\000t\000r\000o}{paragraph.3.3.17.1}% 66
\BOOKMARK [3][]{subsubsection.3.3.18}{\376\377\000P\000a\000t\000t\000u\000g\000l\000i\000a\000\040\000d\000i\000\040\000G\000o\000b\000l\000i\000n}{subsection.3.3}% 67
\BOOKMARK [4][]{paragraph.3.3.18.1}{\376\377\000P\000a\000t\000t\000u\000g\000l\000i\000a\000\040\000N\000o\000r\000d}{subsubsection.3.3.18}% 68
\BOOKMARK [5][]{subparagraph.3.3.18.1.1}{\376\377\000N\000e\000m\000i\000c\000i\000:}{paragraph.3.3.18.1}% 69
\BOOKMARK [5][]{subparagraph.3.3.18.1.2}{\376\377\000D\000i\000f\000f\000i\000c\000o\000l\000t\000\340\000\040\000T\000r\000o\000v\000a\000r\000l\000i}{paragraph.3.3.18.1}% 70
\BOOKMARK [4][]{paragraph.3.3.18.2}{\376\377\000P\000a\000t\000t\000u\000g\000l\000i\000a\000\040\000S\000u\000d}{subsubsection.3.3.18}% 71
\BOOKMARK [5][]{subparagraph.3.3.18.2.1}{\376\377\000N\000e\000m\000i\000c\000i\000:}{paragraph.3.3.18.2}% 72
\BOOKMARK [5][]{subparagraph.3.3.18.2.2}{\376\377\000D\000i\000f\000f\000i\000c\000o\000l\000t\000\340\000\040\000T\000r\000o\000v\000a\000r\000l\000i}{paragraph.3.3.18.2}% 73
\BOOKMARK [4][]{paragraph.3.3.18.3}{\376\377\000P\000a\000t\000t\000u\000g\000l\000i\000a\000\040\000O\000v\000e\000s\000t}{subsubsection.3.3.18}% 74
\BOOKMARK [5][]{subparagraph.3.3.18.3.1}{\376\377\000N\000e\000m\000i\000c\000i\000:}{paragraph.3.3.18.3}% 75
\BOOKMARK [5][]{subparagraph.3.3.18.3.2}{\376\377\000D\000i\000f\000f\000i\000c\000o\000l\000t\000\340\000\040\000T\000r\000o\000v\000a\000r\000l\000i}{paragraph.3.3.18.3}% 76
\BOOKMARK [4][]{paragraph.3.3.18.4}{\376\377\000P\000a\000t\000t\000u\000g\000l\000i\000a\000\040\000E\000S\000t}{subsubsection.3.3.18}% 77
\BOOKMARK [5][]{subparagraph.3.3.18.4.1}{\376\377\000N\000e\000m\000i\000c\000i\000:}{paragraph.3.3.18.4}% 78
\BOOKMARK [5][]{subparagraph.3.3.18.4.2}{\376\377\000D\000i\000f\000f\000i\000c\000o\000l\000t\000\340\000\040\000T\000r\000o\000v\000a\000r\000l\000i}{paragraph.3.3.18.4}% 79
\BOOKMARK [2][]{subsection.3.4}{\376\377\000G\000u\000e\000s\000t}{section.3}% 80
\BOOKMARK [3][]{subsubsection.3.4.1}{\376\377\000C\000O\000N\000Y\000B\000E\000R\000R\000Y\000\040\000E\000\040\000L\000A\000\040\000T\000A\000N\000A\000\040\000D\000I\000\040\000A\000G\000A\000T\000H\000A}{subsection.3.4}% 81
\BOOKMARK [4][]{subparagraph.3.4.1.0.1}{\376\377\000V\000i\000a\000g\000g\000i\000o}{subsubsection.3.4.1}% 82
\BOOKMARK [5][]{subparagraph.3.4.1.0.2}{\376\377\000D\000e\000s\000c\000r\000i\000z\000i\000o\000n\000e\000\040\000p\000e\000r\000\040\000A\000g\000a\000t\000h\000a}{subparagraph.3.4.1.0.1}% 83
\BOOKMARK [5][]{subparagraph.3.4.1.0.3}{\376\377\000C\000o\000m\000p\000o\000r\000t\000a\000m\000e\000n\000t\000o\000\040\000d\000e\000i\000\040\000p\000e\000r\000s\000o\000n\000a\000g\000g\000i}{subparagraph.3.4.1.0.1}% 84
\BOOKMARK [5][]{subparagraph.3.4.1.0.4}{\376\377\000P\000E}{subparagraph.3.4.1.0.1}% 85
\BOOKMARK [3][]{subsubsection.3.4.2}{\376\377\000I\000L\000\040\000P\000o\000z\000z\000o\000\040\000D\000E\000L\000\040\000V\000E\000C\000C\000H\000I\000O\000\040\000G\000U\000F\000O}{subsection.3.4}% 86
\BOOKMARK [4][]{subparagraph.3.4.2.0.1}{\376\377\000V\000i\000a\000g\000g\000i\000o}{subsubsection.3.4.2}% 87
\BOOKMARK [5][]{subparagraph.3.4.2.0.2}{\376\377\000D\000e\000s\000c\000r\000i\000z\000i\000o\000n\000e}{subparagraph.3.4.2.0.1}% 88
\BOOKMARK [5][]{subparagraph.3.4.2.0.3}{\376\377\000S\000e\000\040\000s\000c\000o\000n\000f\000i\000g\000g\000o\000n\000o\000\040\000K\000o\000s\000t\000\040\000e\000\040\000g\000l\000i\000\040\000z\000o\000m\000b\000i\000e}{subparagraph.3.4.2.0.1}% 89
\BOOKMARK [5][]{subparagraph.3.4.2.0.4}{\376\377\000P\000E}{subparagraph.3.4.2.0.1}% 90
\BOOKMARK [3][]{subsubsection.3.4.3}{\376\377\000I\000L\000\040\000T\000O\000R\000\040\000D\000E\000L\000L\000A\000\040\000V\000I\000V\000E\000R\000N\000A}{subsection.3.4}% 91
\BOOKMARK [4][]{paragraph.3.4.3.1}{\376\377\000V\000i\000a\000g\000g\000i\000o}{subsubsection.3.4.3}% 92
\BOOKMARK [4][]{paragraph.3.4.3.2}{\376\377\000A\000c\000c\000a\000m\000a\000p\000e\000n\000t\000o\000\040\000d\000e\000g\000l\000i\000\040\000o\000r\000c\000h\000i}{subsubsection.3.4.3}% 93
\BOOKMARK [4][]{paragraph.3.4.3.3}{\376\377\000T\000e\000s\000o\000r\000o}{subsubsection.3.4.3}% 94
\BOOKMARK [4][]{paragraph.3.4.3.4}{\376\377\000P\000E}{subsubsection.3.4.3}% 95
\BOOKMARK [3][]{subsubsection.3.4.4}{\376\377\000I\000l\000\040\000C\000a\000s\000t\000e\000l\000l\000o\000\040\000d\000i\000\040\000C\000r\000a\000g\000m\000a\000w}{subsection.3.4}% 96
\BOOKMARK [4][]{subparagraph.3.4.4.0.1}{\376\377\000T\000r\000a\000t\000t\000i\000\040\000G\000e\000n\000e\000r\000a\000l\000i}{subsubsection.3.4.4}% 97
\BOOKMARK [4][]{paragraph.3.4.4.1}{\376\377\000E\000n\000t\000r\000a\000t\000a\000\040\000d\000e\000l\000\040\000C\000a\000s\000t\000e\000l\000l\000o}{subsubsection.3.4.4}% 98
\BOOKMARK [5][]{subparagraph.3.4.4.1.1}{\376\377\000S\000v\000i\000l\000u\000p\000p\000i}{paragraph.3.4.4.1}% 99
\BOOKMARK [4][]{paragraph.3.4.4.2}{\376\377\000S\000a\000l\000a\000\040\000c\000o\000n\000\040\000T\000r\000a\000p\000p\000o\000l\000a}{subsubsection.3.4.4}% 100
\BOOKMARK [4][]{paragraph.3.4.4.3}{\376\377\000P\000O\000S\000T\000A\000Z\000I\000O\000N\000E\000\040\000D\000E\000G\000L\000I\000\040\000A\000R\000C\000I\000E\000R\000I}{subsubsection.3.4.4}% 101
\BOOKMARK [4][]{paragraph.3.4.4.4}{\376\377\000\040\000D\000o\000r\000m\000i\000t\000o\000r\000i\000\040\000i\000n\000\040\000R\000o\000v\000i\000n\000a}{subsubsection.3.4.4}% 102
\BOOKMARK [5][]{subparagraph.3.4.4.4.1}{\376\377\000S\000v\000i\000l\000u\000p\000p\000i}{paragraph.3.4.4.4}% 103
\BOOKMARK [4][]{paragraph.3.4.4.5}{\376\377\000\040\000M\000a\000g\000a\000z\000z\000i\000n\000o\000\040}{subsubsection.3.4.4}% 104
\BOOKMARK [4][]{paragraph.3.4.4.6}{\376\377\000D\000O\000R\000M\000I\000T\000O\000R\000I\000O\000\040\000D\000E\000G\000L\000I\000\040\000H\000O\000B\000G\000B\000O\000L\000I\000N}{subsubsection.3.4.4}% 105
\BOOKMARK [5][]{subparagraph.3.4.4.6.1}{\376\377\000D\000e\000s\000c\000r\000i\000z\000i\000o\000n\000e}{paragraph.3.4.4.6}% 106
\BOOKMARK [5][]{subparagraph.3.4.4.6.2}{\376\377\000T\000e\000s\000o\000r\000o}{paragraph.3.4.4.6}% 107
\BOOKMARK [4][]{paragraph.3.4.4.7}{\376\377\000S\000A\000L\000A\000\040\000D\000E\000I\000\040\000B\000A\000N\000C\000H\000E\000T\000T\000I}{subsubsection.3.4.4}% 108
\BOOKMARK [4][]{paragraph.3.4.4.8}{\376\377\000S\000A\000L\000A\000\040\000B\000U\000I\000A}{subsubsection.3.4.4}% 109
\BOOKMARK [5][]{subparagraph.3.4.4.8.1}{\376\377\000S\000v\000i\000l\000u\000p\000p\000i}{paragraph.3.4.4.8}% 110
\BOOKMARK [5][]{subparagraph.3.4.4.8.2}{\376\377\000T\000e\000s\000o\000r\000o}{paragraph.3.4.4.8}% 111
