\BOOKMARK [1][-]{section.1}{\376\377\000I\000n\000t\000r\000o\000d\000u\000z\000i\000o\000n\000e\000\040\000p\000e\000r\000s\000o\000n\000a\000g\000g\000i}{}% 1
\BOOKMARK [2][-]{subsection.1.1}{\376\377\000I\000n\000t\000r\000o\000\040\000N\000a\000d\000a\000r\000\040\000e\000\040\000V\000i\000d\000a\000r}{section.1}% 2
\BOOKMARK [2][-]{subsection.1.2}{\376\377\000I\000n\000t\000r\000o\000\040\000T\000h\000i\000a}{section.1}% 3
\BOOKMARK [2][-]{subsection.1.3}{\376\377\000I\000n\000t\000r\000o\000\040\000B\000r\000y\000s\000e\000i\000s}{section.1}% 4
\BOOKMARK [2][-]{subsection.1.4}{\376\377\000I\000n\000t\000r\000o\000\040\000A\000t\000a\000l\000a\000n\000t\000a\000\040\000e\000\040\000C\000a\000s\000s\000i\000o\000p\000e\000a}{section.1}% 5
\BOOKMARK [1][-]{section.2}{\376\377\000P\000N\000G\000G\000i\000l\000d\000a}{}% 6
\BOOKMARK [2][-]{subsection.2.1}{\376\377\000D\000e\000x\000t\000e\000r}{section.2}% 7
\BOOKMARK [2][-]{subsection.2.2}{\376\377\000S\000u\000g\000a\000r}{section.2}% 8
\BOOKMARK [2][-]{subsection.2.3}{\376\377\000J\000o\000h\000n\000n\000y}{section.2}% 9
\BOOKMARK [2][-]{subsection.2.4}{\376\377\000T\000h\000o\000r\000g\000r\000i\000m}{section.2}% 10
\BOOKMARK [2][-]{subsection.2.5}{\376\377\000W\000u\000l\000f\000r\000i\000c}{section.2}% 11
\BOOKMARK [2][-]{subsection.2.6}{\376\377\000S\000y\000l\000a\000s}{section.2}% 12
\BOOKMARK [2][-]{subsection.2.7}{\376\377\000A\000r\000t\000e\000l\000l\000a}{section.2}% 13
\BOOKMARK [2][-]{subsection.2.8}{\376\377\000P\000i\000p\000p\000a}{section.2}% 14
\BOOKMARK [1][-]{section.3}{\376\377\000P\000G}{}% 15
\BOOKMARK [2][-]{subsection.3.1}{\376\377\000P\000e\000n\000e\000l\000o\000p\000e}{section.3}% 16
\BOOKMARK [2][-]{subsection.3.2}{\376\377\000B\000r\000y\000s\000e\000i\000s}{section.3}% 17
\BOOKMARK [3][-]{subsubsection.3.2.1}{\376\377\000R\000e\000t\000e\000\040\000d\000i\000\040\000C\000r\000i\000m\000i\000n\000a\000l\000i}{subsection.3.2}% 18
\BOOKMARK [2][-]{subsection.3.3}{\376\377\000N\000a\000d\000a\000r\000r}{section.3}% 19
\BOOKMARK [2][-]{subsection.3.4}{\376\377\000V\000i\000d\000a\000r}{section.3}% 20
\BOOKMARK [3][-]{subsubsection.3.4.1}{\376\377\000V\000i\000d\000a\000r\000\040\000e\000n\000t\000r\000a\000\040\000n\000e\000l\000l\000'\000O\000n\000d\000a\000\040\000N\000e\000r\000a}{subsection.3.4}% 21
\BOOKMARK [2][-]{subsection.3.5}{\376\377\000C\000a\000s\000s\000i\000o\000p\000e\000a}{section.3}% 22
\BOOKMARK [2][-]{subsection.3.6}{\376\377\000T\000h\000i\000a}{section.3}% 23
\BOOKMARK [3][-]{subsubsection.3.6.1}{\376\377\000S\000v\000i\000l\000u\000p\000p\000o\000\040\000s\000t\000o\000r\000i\000a\000\040\000T\000h\000i\000a}{subsection.3.6}% 24
\BOOKMARK [3][-]{subsubsection.3.6.2}{\376\377\000M\000o\000r\000t\000e\000\040\000d\000e\000i\000\040\000G\000e\000n\000i\000t\000o\000r\000i}{subsection.3.6}% 25
\BOOKMARK [2][-]{subsection.3.7}{\376\377\000C\000a\000l\000o\000g\000e\000r\000o\000\040\000\050\000A\000L\000\051\000\040}{section.3}% 26
\BOOKMARK [2][-]{subsection.3.8}{\376\377\000L\000i\000a}{section.3}% 27
\BOOKMARK [2][-]{subsection.3.9}{\376\377\000L\000e\000a\000n\000d\000r\000a}{section.3}% 28
\BOOKMARK [2][-]{subsection.3.10}{\376\377\000T\000h\000a\000i\000l\000a\000\040\000N\000a\000i\000l\000o}{section.3}% 29
\BOOKMARK [2][-]{subsection.3.11}{\376\377\000L\000i\000l\000l\000i\000t\000h\000a\000r}{section.3}% 30
\BOOKMARK [3][-]{subsubsection.3.11.1}{\376\377\000L\000e\000v\000i\000s\000t\000u\000s}{subsection.3.11}% 31
\BOOKMARK [1][-]{section.4}{\376\377\000U\000t\000i\000l\000i\000t\000y}{}% 32
\BOOKMARK [2][-]{subsection.4.1}{\376\377\000I\000l\000\040\000R\000a\000g\000n\000o\000\040\000N\000e\000r\000o\000\040\000-\000\040\000L\000a\000\040\000M\000i\000n\000a\000c\000c\000i\000a\000\040\000d\000e\000l\000l\000e\000\040\0008\000\040\000Z\000a\000m\000p\000e}{section.4}% 33
\BOOKMARK [3][-]{subsubsection.4.1.1}{\376\377\000\040\000L\000a\000\040\000T\000e\000s\000t\000a\000\040\000d\000e\000l\000\040\000R\000a\000g\000n\000o\000\040\000\050\000C\000a\000p\000o\000\040\000d\000e\000l\000l\000'\000O\000r\000g\000a\000n\000i\000z\000z\000a\000z\000i\000o\000n\000e\000\051}{subsection.4.1}% 34
\BOOKMARK [3][-]{subsubsection.4.1.2}{\376\377\000i\000l\000\040\000D\000i\000v\000o\000r\000a\000t\000o\000r\000e\000\040\000d\000i\000\040\000L\000u\000c\000e\000\040\000\050\000O\000t\000t\000a\000v\000a\000\040\000Z\000a\000m\000p\000a\000\051\000\040}{subsection.4.1}% 35
\BOOKMARK [3][-]{subsubsection.4.1.3}{\376\377\000I\000l\000\040\000S\000o\000t\000t\000i\000l\000e\000\040\000\050\000P\000r\000i\000m\000a\000\040\000Z\000a\000m\000p\000a\000\051}{subsection.4.1}% 36
\BOOKMARK [3][-]{subsubsection.4.1.4}{\376\377\000\040\000L\000a\000\040\000S\000i\000b\000i\000l\000a\000n\000t\000e\000\040\000\050\000S\000e\000c\000o\000n\000d\000a\000\040\000Z\000a\000m\000p\000a\000\051}{subsection.4.1}% 37
\BOOKMARK [3][-]{subsubsection.4.1.5}{\376\377\000\040\000L\000a\000\040\000V\000e\000l\000e\000n\000o\000s\000a\000\040\000\050\000T\000e\000r\000z\000a\000\040\000Z\000a\000m\000p\000a\000\051}{subsection.4.1}% 38
\BOOKMARK [3][-]{subsubsection.4.1.6}{\376\377\000\040\000L\000'\000A\000g\000i\000l\000e\000\040\000\050\000Q\000u\000a\000r\000t\000a\000\040\000Z\000a\000m\000p\000a\000\051}{subsection.4.1}% 39
\BOOKMARK [3][-]{subsubsection.4.1.7}{\376\377\000\040\000L\000'\000I\000n\000s\000o\000n\000d\000a\000b\000i\000l\000e\000\040\000\050\000Q\000u\000i\000n\000t\000a\000\040\000Z\000a\000m\000p\000a\000\051}{subsection.4.1}% 40
\BOOKMARK [3][-]{subsubsection.4.1.8}{\376\377\000\040\000I\000l\000\040\000G\000i\000u\000d\000i\000z\000i\000o\000s\000o\000\040\000\050\000S\000e\000s\000t\000a\000\040\000Z\000a\000m\000p\000a\000\051}{subsection.4.1}% 41
\BOOKMARK [3][-]{subsubsection.4.1.9}{\376\377\000\040\000L\000'\000I\000n\000s\000i\000d\000i\000o\000s\000a\000\040\000\050\000S\000e\000t\000t\000i\000m\000a\000\040\000Z\000a\000m\000p\000a\000\051}{subsection.4.1}% 42
\BOOKMARK [2][-]{subsection.4.2}{\376\377\000M\000o\000o\000n\000l\000i\000g\000h\000t\000\040\000C\000i\000p\000h\000e\000r}{section.4}% 43
\BOOKMARK [2][-]{subsection.4.3}{\376\377\000B\000a\000n\000d\000\040\000L\000o\000c\000a\000l\000i}{section.4}% 44
\BOOKMARK [3][-]{subsubsection.4.3.1}{\376\377\000D\000r\000a\000g\000o\000n\000f\000l\000y}{subsection.4.3}% 45
\BOOKMARK [2][-]{subsection.4.4}{\376\377\000G\000i\000o\000c\000h\000i\000\040\000d\000a\000\040\000T\000a\000v\000e\000r\000n\000a}{section.4}% 46
\BOOKMARK [3][-]{subsubsection.4.4.1}{\376\377\000G\000i\000o\000c\000o\000l\000e\000r\000i\000a\000\040\000c\000o\000n\000\040\000i\000\040\000p\000u\000g\000n\000a\000l\000i}{subsection.4.4}% 47
\BOOKMARK [3][-]{subsubsection.4.4.2}{\376\377\000B\000r\000a\000c\000c\000i\000o\000\040\000d\000i\000\040\000f\000e\000r\000r\000o}{subsection.4.4}% 48
\BOOKMARK [3][-]{subsubsection.4.4.3}{\376\377\000R\000o\000u\000l\000e\000t\000e\000\040\000n\000a\000n\000i\000c\000a}{subsection.4.4}% 49
\BOOKMARK [3][-]{subsubsection.4.4.4}{\376\377\000P\000o\000k\000e\000r\000\040\000d\000i\000\040\000d\000a\000d\000i}{subsection.4.4}% 50
\BOOKMARK [3][-]{subsubsection.4.4.5}{\376\377\000G\000i\000o\000c\000h\000i\000\040\000e\000\040\000s\000f\000i\000d\000e\000\040\000d\000i\000\040\000b\000e\000v\000u\000t\000e}{subsection.4.4}% 51
\BOOKMARK [1][-]{section.5}{\376\377\000T\000r\000a\000m\000a}{}% 52
\BOOKMARK [2][-]{subsection.5.1}{\376\377\000C\000a\000m\000m\000i\000n\000o\000\040\000d\000e\000l\000l\000a\000\040\000R\000e\000s\000u\000r\000e\000z\000z\000i\000o}{section.5}% 53
\BOOKMARK [2][-]{subsection.5.2}{\376\377\000G\000r\000u\000p\000p\000o\000\040\000A\000\040\000\050\000M\000i\000c\000a\000e\000l\000a\000,\000M\000a\000t\000t\000e\000o\000,\000M\000a\000r\000i\000c\000a\000,\000P\000a\000o\000l\000a\000\051}{section.5}% 54
\BOOKMARK [3][-]{subsubsection.5.2.1}{\376\377\000N\000i\000g\000h\000t\000a\000l}{subsection.5.2}% 55
\BOOKMARK [2][-]{subsection.5.3}{\376\377\000G\000r\000u\000p\000p\000o\000\040\000B\000\050\000A\000n\000g\000e\000l\000o\000,\000F\000e\000d\000e\000r\000i\000c\000o\000,\000A\000n\000t\000o\000n\000i\000o\000,\000P\000i\000e\000r\000,\000V\000i\000t\000o\000\051}{section.5}% 56
\BOOKMARK [3][-]{subsubsection.5.3.1}{\376\377\000N\000i\000g\000h\000t\000a\000l\000\040\000\050\0001\0004\0009\0001\000\051}{subsection.5.3}% 57
\BOOKMARK [3][-]{subsubsection.5.3.2}{\376\377\000H\000a\000m\000m\000e\000r\000\050\0001\0004\0009\0002\000\051}{subsection.5.3}% 58
\BOOKMARK [2][-]{subsection.5.4}{\376\377\000G\000r\000u\000p\000p\000o\000\040\000C\000\040\000\050\000A\000n\000t\000o\000n\000i\000o\000,\000M\000i\000r\000i\000a\000n\000a\000,\000E\000l\000e\000n\000a\000\051}{section.5}% 59
\BOOKMARK [3][-]{subsubsection.5.4.1}{\376\377\000H\000a\000m\000m\000e\000r\000\050\0001\0004\0009\0002\000\051}{subsection.5.4}% 60
\BOOKMARK [1][-]{section.6}{\376\377\000N\000e\000v\000e\000r\000w\000i\000n\000t\000e\000r}{}% 61
\BOOKMARK [2][-]{subsection.6.1}{\376\377\000D\000e\000s\000c\000r\000i\000z\000i\000o\000n\000e}{section.6}% 62
